{"F:\\redux-starter\\src\\store\\api.js": {"path":"F:\\redux-starter\\src\\store\\api.js","statementMap":{"0":{"start":{"line":4,"column":28},"end":{"line":4,"column":57}},"1":{"start":{"line":5,"column":30},"end":{"line":5,"column":61}},"2":{"start":{"line":6,"column":29},"end":{"line":6,"column":59}}},"fnMap":{},"branchMap":{},"s":{"0":1,"1":1,"2":1},"f":{},"b":{},"_coverageSchema":"1a1c01bbd47fc00a2c39e90264f33305004495a9","hash":"f27a329effb2f30741dcd244d0c7e902dd430876"}
,"F:\\redux-starter\\src\\store\\bugs.js": {"path":"F:\\redux-starter\\src\\store\\bugs.js","statementMap":{"0":{"start":{"line":8,"column":14},"end":{"line":48,"column":2}},"1":{"start":{"line":21,"column":12},"end":{"line":21,"column":32}},"2":{"start":{"line":25,"column":12},"end":{"line":25,"column":39}},"3":{"start":{"line":26,"column":12},"end":{"line":26,"column":33}},"4":{"start":{"line":27,"column":12},"end":{"line":27,"column":40}},"5":{"start":{"line":31,"column":12},"end":{"line":31,"column":33}},"6":{"start":{"line":35,"column":40},"end":{"line":35,"column":54}},"7":{"start":{"line":36,"column":24},"end":{"line":36,"column":68}},"8":{"start":{"line":36,"column":51},"end":{"line":36,"column":67}},"9":{"start":{"line":37,"column":10},"end":{"line":37,"column":43}},"10":{"start":{"line":41,"column":12},"end":{"line":41,"column":43}},"11":{"start":{"line":44,"column":26},"end":{"line":44,"column":82}},"12":{"start":{"line":44,"column":53},"end":{"line":44,"column":81}},"13":{"start":{"line":45,"column":12},"end":{"line":45,"column":44}},"14":{"start":{"line":50,"column":107},"end":{"line":50,"column":120}},"15":{"start":{"line":55,"column":12},"end":{"line":55,"column":19}},"16":{"start":{"line":57,"column":24},"end":{"line":71,"column":1}},"17":{"start":{"line":57,"column":30},"end":{"line":71,"column":1}},"18":{"start":{"line":58,"column":26},"end":{"line":58,"column":50}},"19":{"start":{"line":60,"column":26},"end":{"line":60,"column":69}},"20":{"start":{"line":61,"column":3},"end":{"line":61,"column":34}},"21":{"start":{"line":61,"column":27},"end":{"line":61,"column":34}},"22":{"start":{"line":63,"column":4},"end":{"line":70,"column":5}},"23":{"start":{"line":73,"column":22},"end":{"line":80,"column":1}},"24":{"start":{"line":74,"column":4},"end":{"line":79,"column":5}},"25":{"start":{"line":75,"column":25},"end":{"line":75,"column":51}},"26":{"start":{"line":76,"column":8},"end":{"line":76,"column":32}},"27":{"start":{"line":78,"column":8},"end":{"line":78,"column":31}},"28":{"start":{"line":90,"column":26},"end":{"line":95,"column":2}},"29":{"start":{"line":90,"column":32},"end":{"line":95,"column":2}},"30":{"start":{"line":97,"column":31},"end":{"line":102,"column":2}},"31":{"start":{"line":97,"column":50},"end":{"line":102,"column":2}},"32":{"start":{"line":116,"column":33},"end":{"line":120,"column":1}},"33":{"start":{"line":117,"column":13},"end":{"line":117,"column":32}},"34":{"start":{"line":118,"column":13},"end":{"line":118,"column":36}},"35":{"start":{"line":119,"column":24},"end":{"line":119,"column":62}},"36":{"start":{"line":119,"column":48},"end":{"line":119,"column":61}},"37":{"start":{"line":122,"column":29},"end":{"line":125,"column":1}},"38":{"start":{"line":122,"column":39},"end":{"line":125,"column":1}},"39":{"start":{"line":123,"column":13},"end":{"line":123,"column":32}},"40":{"start":{"line":124,"column":12},"end":{"line":124,"column":58}},"41":{"start":{"line":124,"column":36},"end":{"line":124,"column":57}}},"fnMap":{"0":{"name":"(anonymous_0)","decl":{"start":{"line":20,"column":24},"end":{"line":20,"column":25}},"loc":{"start":{"line":20,"column":42},"end":{"line":22,"column":9}},"line":20},"1":{"name":"(anonymous_1)","decl":{"start":{"line":24,"column":23},"end":{"line":24,"column":24}},"loc":{"start":{"line":24,"column":42},"end":{"line":28,"column":9}},"line":24},"2":{"name":"(anonymous_2)","decl":{"start":{"line":30,"column":28},"end":{"line":30,"column":29}},"loc":{"start":{"line":30,"column":46},"end":{"line":32,"column":9}},"line":30},"3":{"name":"(anonymous_3)","decl":{"start":{"line":34,"column":28},"end":{"line":34,"column":29}},"loc":{"start":{"line":34,"column":46},"end":{"line":38,"column":9}},"line":34},"4":{"name":"(anonymous_4)","decl":{"start":{"line":36,"column":44},"end":{"line":36,"column":45}},"loc":{"start":{"line":36,"column":51},"end":{"line":36,"column":67}},"line":36},"5":{"name":"(anonymous_5)","decl":{"start":{"line":40,"column":19},"end":{"line":40,"column":20}},"loc":{"start":{"line":40,"column":37},"end":{"line":42,"column":9}},"line":40},"6":{"name":"(anonymous_6)","decl":{"start":{"line":43,"column":22},"end":{"line":43,"column":23}},"loc":{"start":{"line":43,"column":40},"end":{"line":46,"column":9}},"line":43},"7":{"name":"(anonymous_7)","decl":{"start":{"line":44,"column":46},"end":{"line":44,"column":47}},"loc":{"start":{"line":44,"column":53},"end":{"line":44,"column":81}},"line":44},"8":{"name":"(anonymous_8)","decl":{"start":{"line":57,"column":24},"end":{"line":57,"column":25}},"loc":{"start":{"line":57,"column":30},"end":{"line":71,"column":1}},"line":57},"9":{"name":"(anonymous_9)","decl":{"start":{"line":57,"column":30},"end":{"line":57,"column":31}},"loc":{"start":{"line":57,"column":54},"end":{"line":71,"column":1}},"line":57},"10":{"name":"(anonymous_10)","decl":{"start":{"line":73,"column":22},"end":{"line":73,"column":23}},"loc":{"start":{"line":73,"column":35},"end":{"line":80,"column":1}},"line":73},"11":{"name":"(anonymous_11)","decl":{"start":{"line":90,"column":26},"end":{"line":90,"column":27}},"loc":{"start":{"line":90,"column":32},"end":{"line":95,"column":2}},"line":90},"12":{"name":"(anonymous_12)","decl":{"start":{"line":97,"column":31},"end":{"line":97,"column":32}},"loc":{"start":{"line":97,"column":50},"end":{"line":102,"column":2}},"line":97},"13":{"name":"(anonymous_13)","decl":{"start":{"line":117,"column":4},"end":{"line":117,"column":5}},"loc":{"start":{"line":117,"column":13},"end":{"line":117,"column":32}},"line":117},"14":{"name":"(anonymous_14)","decl":{"start":{"line":118,"column":4},"end":{"line":118,"column":5}},"loc":{"start":{"line":118,"column":13},"end":{"line":118,"column":36}},"line":118},"15":{"name":"(anonymous_15)","decl":{"start":{"line":119,"column":4},"end":{"line":119,"column":5}},"loc":{"start":{"line":119,"column":24},"end":{"line":119,"column":62}},"line":119},"16":{"name":"(anonymous_16)","decl":{"start":{"line":119,"column":41},"end":{"line":119,"column":42}},"loc":{"start":{"line":119,"column":48},"end":{"line":119,"column":61}},"line":119},"17":{"name":"(anonymous_17)","decl":{"start":{"line":122,"column":29},"end":{"line":122,"column":30}},"loc":{"start":{"line":122,"column":39},"end":{"line":125,"column":1}},"line":122},"18":{"name":"(anonymous_18)","decl":{"start":{"line":123,"column":4},"end":{"line":123,"column":5}},"loc":{"start":{"line":123,"column":13},"end":{"line":123,"column":32}},"line":123},"19":{"name":"(anonymous_19)","decl":{"start":{"line":124,"column":4},"end":{"line":124,"column":5}},"loc":{"start":{"line":124,"column":12},"end":{"line":124,"column":58}},"line":124},"20":{"name":"(anonymous_20)","decl":{"start":{"line":124,"column":29},"end":{"line":124,"column":30}},"loc":{"start":{"line":124,"column":36},"end":{"line":124,"column":57}},"line":124}},"branchMap":{"0":{"loc":{"start":{"line":61,"column":3},"end":{"line":61,"column":34}},"type":"if","locations":[{"start":{"line":61,"column":3},"end":{"line":61,"column":34}},{"start":{},"end":{}}],"line":61}},"s":{"0":1,"1":0,"2":0,"3":0,"4":0,"5":0,"6":0,"7":0,"8":0,"9":0,"10":0,"11":0,"12":0,"13":0,"14":1,"15":1,"16":1,"17":0,"18":0,"19":0,"20":0,"21":0,"22":0,"23":1,"24":0,"25":0,"26":0,"27":0,"28":1,"29":0,"30":1,"31":0,"32":1,"33":1,"34":1,"35":1,"36":3,"37":1,"38":0,"39":0,"40":0,"41":0},"f":{"0":0,"1":0,"2":0,"3":0,"4":0,"5":0,"6":0,"7":0,"8":0,"9":0,"10":0,"11":0,"12":0,"13":1,"14":1,"15":1,"16":3,"17":0,"18":0,"19":0,"20":0},"b":{"0":[0,0]},"_coverageSchema":"1a1c01bbd47fc00a2c39e90264f33305004495a9","hash":"b9168bdc8dbc5e565970f5575e95c8fd9520c069"}
}
