TN:
SF:src\store\api.js
FNF:0
FNH:0
DA:4,1
DA:5,1
DA:6,1
LF:3
LH:3
BRF:0
BRH:0
end_of_record
TN:
SF:src\store\bugs.js
FN:20,(anonymous_0)
FN:24,(anonymous_1)
FN:30,(anonymous_2)
FN:34,(anonymous_3)
FN:36,(anonymous_4)
FN:40,(anonymous_5)
FN:43,(anonymous_6)
FN:44,(anonymous_7)
FN:57,(anonymous_8)
FN:57,(anonymous_9)
FN:73,(anonymous_10)
FN:90,(anonymous_11)
FN:97,(anonymous_12)
FN:117,(anonymous_13)
FN:118,(anonymous_14)
FN:119,(anonymous_15)
FN:119,(anonymous_16)
FN:122,(anonymous_17)
FN:123,(anonymous_18)
FN:124,(anonymous_19)
FN:124,(anonymous_20)
FNF:21
FNH:4
FNDA:0,(anonymous_0)
FNDA:0,(anonymous_1)
FNDA:0,(anonymous_2)
FNDA:0,(anonymous_3)
FNDA:0,(anonymous_4)
FNDA:0,(anonymous_5)
FNDA:0,(anonymous_6)
FNDA:0,(anonymous_7)
FNDA:0,(anonymous_8)
FNDA:0,(anonymous_9)
FNDA:0,(anonymous_10)
FNDA:0,(anonymous_11)
FNDA:0,(anonymous_12)
FNDA:1,(anonymous_13)
FNDA:1,(anonymous_14)
FNDA:1,(anonymous_15)
FNDA:3,(anonymous_16)
FNDA:0,(anonymous_17)
FNDA:0,(anonymous_18)
FNDA:0,(anonymous_19)
FNDA:0,(anonymous_20)
DA:8,1
DA:21,0
DA:25,0
DA:26,0
DA:27,0
DA:31,0
DA:35,0
DA:36,0
DA:37,0
DA:41,0
DA:44,0
DA:45,0
DA:50,1
DA:55,1
DA:57,1
DA:58,0
DA:60,0
DA:61,0
DA:63,0
DA:73,1
DA:74,0
DA:75,0
DA:76,0
DA:78,0
DA:90,1
DA:97,1
DA:116,1
DA:117,1
DA:118,1
DA:119,3
DA:122,1
DA:123,0
DA:124,0
LF:33
LH:12
BRDA:61,0,0,0
BRDA:61,0,1,0
BRF:2
BRH:0
end_of_record
